<?xml version="1.0" encoding="UTF-8"?>
<!-- Generated by org.testng.reporters.JUnitReportReporter -->
<testsuite skipped="0" hostname="Tippu" name="com.vTigerCRM.qa.testcases.CreateProductTest" tests="3" failures="0" timestamp="07 Apr 2020 16:48:33 GMT" time="73.862" errors="0">
  <testcase name="validateCreateProductTest" time="17.895" classname="com.vTigerCRM.qa.testcases.CreateProductTest"/>
  <testcase name="validateCreateProductTest" time="24.138" classname="com.vTigerCRM.qa.testcases.CreateProductTest"/>
  <testcase name="validateCreateProductTest" time="31.829" classname="com.vTigerCRM.qa.testcases.CreateProductTest"/>
</testsuite> <!-- com.vTigerCRM.qa.testcases.CreateProductTest -->
