<?xml version="1.0" encoding="UTF-8"?>
<!-- Generated by org.testng.reporters.JUnitReportReporter -->
<testsuite skipped="0" hostname="Tippu" name="com.vTigerCRM.qa.testcases.CreateQuotesTest" tests="3" failures="0" timestamp="08 Apr 2020 15:43:09 GMT" time="108.817" errors="0">
  <testcase name="CreateQuotes" time="23.230" classname="com.vTigerCRM.qa.testcases.CreateQuotesTest"/>
  <testcase name="CreateQuotes" time="62.268" classname="com.vTigerCRM.qa.testcases.CreateQuotesTest"/>
  <testcase name="CreateQuotes" time="23.319" classname="com.vTigerCRM.qa.testcases.CreateQuotesTest"/>
</testsuite> <!-- com.vTigerCRM.qa.testcases.CreateQuotesTest -->
